0.000000 239.560900
0.013000 237.867900
0.025000 232.918700
0.038000 225.072200
0.050000 214.838900
0.063000 202.789600
0.075000 189.479500
0.088000 175.400800
0.100000 160.962500
0.113000 146.488700
0.125000 132.226500
0.138000 118.359000
0.150000 105.017500
0.163000 92.292800
0.175000 80.244900
0.188000 68.910100
0.200000 58.307400
0.213000 48.442200
0.225000 39.310200
0.238000 30.900000
0.250000 23.194500
0.263000 16.173000
0.275000 9.811700
0.288000 4.085000
0.300000 -1.034300
0.313000 -5.574100
0.325000 -9.563000
0.338000 -13.029700
0.350000 -16.003100
0.363000 -18.512000
0.375000 -20.584700
0.388000 -22.249500
0.400000 -23.534000
0.413000 -24.465300
0.425000 -25.069900
0.438000 -25.373900
0.450000 -25.402400
0.463000 -25.180000
0.475000 -24.730500
0.488000 -24.077100
0.500000 -23.241900
0.513000 -22.246300
0.525000 -21.111100
0.538000 -19.856000
0.550000 -18.499800
0.563000 -17.060700
0.575000 -15.555700
0.588000 -14.001100
0.600000 -12.412300
0.613000 -10.803700
0.625000 -9.188800
0.638000 -7.580400
0.650000 -5.990000
0.663000 -4.428700
0.675000 -2.906300
0.688000 -1.431900
0.700000 -0.013600
0.713000 1.341100
0.725000 2.625800
0.738000 3.834800
0.750000 4.963200
0.763000 6.007000
0.775000 6.962800
0.788000 7.828100
0.800000 8.601000
0.813000 9.280200
0.825000 9.865300
0.838000 10.356400
0.850000 10.754100
0.863000 11.059600
0.875000 11.274800
0.888000 11.401800
0.900000 11.443400
0.913000 11.402600
0.925000 11.283000
0.938000 11.088500
0.950000 10.823100
0.963000 10.491400
0.975000 10.097900
0.988000 9.647500
1.000000 9.145300
1.013000 8.596400
1.025000 8.006000
1.038000 7.379500
1.050000 6.722200
1.063000 6.039500
1.075000 5.336500
1.088000 4.618600
1.100000 3.890900
1.113000 3.158400
1.125000 2.426000
1.138000 1.698500
1.150000 0.980300
1.163000 0.275700
1.175000 -0.411000
1.188000 -1.076100
1.200000 -1.716000
1.213000 -2.327300
1.225000 -2.907000
1.238000 -3.452200
1.250000 -3.960700
1.263000 -4.430000
1.275000 -4.858500
1.288000 -5.244600
1.300000 -5.586900
1.313000 -5.884500
1.325000 -6.136800
1.338000 -6.343500
1.350000 -6.504400
1.363000 -6.619800
1.375000 -6.690200
1.388000 -6.716300
1.400000 -6.699200
1.413000 -6.640000
1.425000 -6.540200
1.438000 -6.401600
1.450000 -6.225900
1.463000 -6.015300
1.475000 -5.771900
1.488000 -5.498100
1.500000 -5.196300
1.513000 -4.869200
1.525000 -4.519400
1.538000 -4.149700
1.550000 -3.762900
1.563000 -3.361800
1.575000 -2.949300
1.588000 -2.528200
1.600000 -2.101500
1.613000 -1.671800
1.625000 -1.242000
1.638000 -0.814800
1.650000 -0.392800
1.663000 0.021500
1.675000 0.425600
1.688000 0.817200
1.700000 1.194200
1.713000 1.554500
1.725000 1.896200
1.738000 2.217600
1.750000 2.517000
1.763000 2.793100
1.775000 3.044600
1.788000 3.270500
1.800000 3.469900
1.813000 3.642100
1.825000 3.786500
1.838000 3.902900
1.850000 3.991000
1.863000 4.051000
1.875000 4.082900
1.888000 4.087100
1.900000 4.064200
1.913000 4.014800
1.925000 3.939800
1.938000 3.840100
1.950000 3.716800
1.963000 3.571200
1.975000 3.404500
1.988000 3.218200
2.000000 3.014000
